<?xml version="1.0" encoding="UTF-8"?>
<testsuite name="com.tci.crawling.CrawlerParameterizedTest" tests="1" skipped="0" failures="0" errors="0" timestamp="2018-01-14T22:05:05" hostname="MacBookPro.local" time="0.018">
  <properties/>
  <testcase name="constructorShouldSetURL(http://localhost/WebCrawler/Webcrawler/src/main/webapp/sample_site_to_crawl/) [0]" classname="com.tci.crawling.CrawlerParameterizedTest" time="0.018"/>
  <system-out><![CDATA[]]></system-out>
  <system-err><![CDATA[]]></system-err>
</testsuite>
