<?xml version="1.0" encoding="UTF-8"?>
<testsuite name="com.tci.crawling.ExceptionCrawlerTest" tests="3" skipped="0" failures="0" errors="0" timestamp="2018-01-14T22:05:04" hostname="MacBookPro.local" time="0.772">
  <properties/>
  <testcase name="SearchAlgorithmWithIdDFS_shouldThrowIAEForIncorrectSearchWord" classname="com.tci.crawling.ExceptionCrawlerTest" time="0.31"/>
  <testcase name="searchAlgorithmWithWordDFS_shouldThrowIAEForIncorrectSearchWord" classname="com.tci.crawling.ExceptionCrawlerTest" time="0.21"/>
  <testcase name="shouldValidateThrowMessageIAEFor_searchAlgorithmWithIdDFS" classname="com.tci.crawling.ExceptionCrawlerTest" time="0.207"/>
  <system-out><![CDATA[]]></system-out>
  <system-err><![CDATA[]]></system-err>
</testsuite>
